
Loaded 'libv3/UtilityFunctions.bf' from '/ebio/abt3_projects2/Flagellin_Diversity/miniconda/envs/py3_fla_2022/lib/hyphy/TemplateBatchFiles/libv3/UtilityFunctions.bf'
Loaded 'IOFunctions.bf' from '/ebio/abt3_projects2/Flagellin_Diversity/miniconda/envs/py3_fla_2022/lib/hyphy/TemplateBatchFiles/libv3/IOFunctions.bf'
Already loaded 'libv3/UtilityFunctions.bf' from /ebio/abt3_projects2/Flagellin_Diversity/miniconda/envs/py3_fla_2022/lib/hyphy/TemplateBatchFiles/libv3/UtilityFunctions.bf
Loaded 'convenience/regexp.bf' from '/ebio/abt3_projects2/Flagellin_Diversity/miniconda/envs/py3_fla_2022/lib/hyphy/TemplateBatchFiles/libv3/convenience/regexp.bf'
Loaded 'libv3/all-terms.bf' from '/ebio/abt3_projects2/Flagellin_Diversity/miniconda/envs/py3_fla_2022/lib/hyphy/TemplateBatchFiles/libv3/all-terms.bf'
Already loaded 'libv3/IOFunctions.bf' from /ebio/abt3_projects2/Flagellin_Diversity/miniconda/envs/py3_fla_2022/lib/hyphy/TemplateBatchFiles/libv3/IOFunctions.bf
Loaded 'libv3/stats.bf' from '/ebio/abt3_projects2/Flagellin_Diversity/miniconda/envs/py3_fla_2022/lib/hyphy/TemplateBatchFiles/libv3/stats.bf'
Already loaded 'libv3/all-terms.bf' from /ebio/abt3_projects2/Flagellin_Diversity/miniconda/envs/py3_fla_2022/lib/hyphy/TemplateBatchFiles/libv3/all-terms.bf
Loaded 'libv3/tasks/ancestral.bf' from '/ebio/abt3_projects2/Flagellin_Diversity/miniconda/envs/py3_fla_2022/lib/hyphy/TemplateBatchFiles/libv3/tasks/ancestral.bf'
Already loaded '../UtilityFunctions.bf' from /ebio/abt3_projects2/Flagellin_Diversity/miniconda/envs/py3_fla_2022/lib/hyphy/TemplateBatchFiles/libv3/UtilityFunctions.bf
Loaded 'libv3/tasks/alignments.bf' from '/ebio/abt3_projects2/Flagellin_Diversity/miniconda/envs/py3_fla_2022/lib/hyphy/TemplateBatchFiles/libv3/tasks/alignments.bf'
Already loaded '../IOFunctions.bf' from /ebio/abt3_projects2/Flagellin_Diversity/miniconda/envs/py3_fla_2022/lib/hyphy/TemplateBatchFiles/libv3/IOFunctions.bf
Already loaded '../all-terms.bf' from /ebio/abt3_projects2/Flagellin_Diversity/miniconda/envs/py3_fla_2022/lib/hyphy/TemplateBatchFiles/libv3/all-terms.bf
Loaded 'libv3/tasks/estimators.bf' from '/ebio/abt3_projects2/Flagellin_Diversity/miniconda/envs/py3_fla_2022/lib/hyphy/TemplateBatchFiles/libv3/tasks/estimators.bf'
Loaded '../models/model_functions.bf' from '/ebio/abt3_projects2/Flagellin_Diversity/miniconda/envs/py3_fla_2022/lib/hyphy/TemplateBatchFiles/libv3/models/model_functions.bf'
Loaded 'DNA.bf' from '/ebio/abt3_projects2/Flagellin_Diversity/miniconda/envs/py3_fla_2022/lib/hyphy/TemplateBatchFiles/libv3/models/DNA.bf'
Loaded 'frequencies.bf' from '/ebio/abt3_projects2/Flagellin_Diversity/miniconda/envs/py3_fla_2022/lib/hyphy/TemplateBatchFiles/libv3/models/frequencies.bf'
Already loaded '../all-terms.bf' from /ebio/abt3_projects2/Flagellin_Diversity/miniconda/envs/py3_fla_2022/lib/hyphy/TemplateBatchFiles/libv3/all-terms.bf
Loaded 'parameters.bf' from '/ebio/abt3_projects2/Flagellin_Diversity/miniconda/envs/py3_fla_2022/lib/hyphy/TemplateBatchFiles/libv3/models/parameters.bf'
Loaded 'GrabBag' from '/ebio/abt3_projects2/Flagellin_Diversity/miniconda/envs/py3_fla_2022/lib/hyphy/TemplateBatchFiles/Utility/GrabBag.bf'
Overwritten previously defined function:'_sortStringsAux'
Already loaded 'libv3/all-terms.bf' from /ebio/abt3_projects2/Flagellin_Diversity/miniconda/envs/py3_fla_2022/lib/hyphy/TemplateBatchFiles/libv3/all-terms.bf
Already loaded '../UtilityFunctions.bf' from /ebio/abt3_projects2/Flagellin_Diversity/miniconda/envs/py3_fla_2022/lib/hyphy/TemplateBatchFiles/libv3/UtilityFunctions.bf
Already loaded 'model_functions.bf' from /ebio/abt3_projects2/Flagellin_Diversity/miniconda/envs/py3_fla_2022/lib/hyphy/TemplateBatchFiles/libv3/models/model_functions.bf
Already loaded 'libv3/all-terms.bf' from /ebio/abt3_projects2/Flagellin_Diversity/miniconda/envs/py3_fla_2022/lib/hyphy/TemplateBatchFiles/libv3/all-terms.bf
Already loaded 'parameters.bf' from /ebio/abt3_projects2/Flagellin_Diversity/miniconda/envs/py3_fla_2022/lib/hyphy/TemplateBatchFiles/libv3/models/parameters.bf
Already loaded 'frequencies.bf' from /ebio/abt3_projects2/Flagellin_Diversity/miniconda/envs/py3_fla_2022/lib/hyphy/TemplateBatchFiles/libv3/models/frequencies.bf
Already loaded '../UtilityFunctions.bf' from /ebio/abt3_projects2/Flagellin_Diversity/miniconda/envs/py3_fla_2022/lib/hyphy/TemplateBatchFiles/libv3/UtilityFunctions.bf
Already loaded '../convenience/regexp.bf' from /ebio/abt3_projects2/Flagellin_Diversity/miniconda/envs/py3_fla_2022/lib/hyphy/TemplateBatchFiles/libv3/convenience/regexp.bf
Loaded '../models/DNA/GTR.bf' from '/ebio/abt3_projects2/Flagellin_Diversity/miniconda/envs/py3_fla_2022/lib/hyphy/TemplateBatchFiles/libv3/models/DNA/GTR.bf'
Already loaded '../DNA.bf' from /ebio/abt3_projects2/Flagellin_Diversity/miniconda/envs/py3_fla_2022/lib/hyphy/TemplateBatchFiles/libv3/models/DNA.bf
Already loaded '../parameters.bf' from /ebio/abt3_projects2/Flagellin_Diversity/miniconda/envs/py3_fla_2022/lib/hyphy/TemplateBatchFiles/libv3/models/parameters.bf
Already loaded '../frequencies.bf' from /ebio/abt3_projects2/Flagellin_Diversity/miniconda/envs/py3_fla_2022/lib/hyphy/TemplateBatchFiles/libv3/models/frequencies.bf
Already loaded '../../UtilityFunctions.bf' from /ebio/abt3_projects2/Flagellin_Diversity/miniconda/envs/py3_fla_2022/lib/hyphy/TemplateBatchFiles/libv3/UtilityFunctions.bf
Already loaded 'libv3/all-terms.bf' from /ebio/abt3_projects2/Flagellin_Diversity/miniconda/envs/py3_fla_2022/lib/hyphy/TemplateBatchFiles/libv3/all-terms.bf
Already loaded '../convenience/regexp.bf' from /ebio/abt3_projects2/Flagellin_Diversity/miniconda/envs/py3_fla_2022/lib/hyphy/TemplateBatchFiles/libv3/convenience/regexp.bf
Loaded 'mpi.bf' from '/ebio/abt3_projects2/Flagellin_Diversity/miniconda/envs/py3_fla_2022/lib/hyphy/TemplateBatchFiles/libv3/tasks/mpi.bf'
Already loaded '../all-terms.bf' from /ebio/abt3_projects2/Flagellin_Diversity/miniconda/envs/py3_fla_2022/lib/hyphy/TemplateBatchFiles/libv3/all-terms.bf
Already loaded '../models/parameters.bf' from /ebio/abt3_projects2/Flagellin_Diversity/miniconda/envs/py3_fla_2022/lib/hyphy/TemplateBatchFiles/libv3/models/parameters.bf
Already loaded 'libv3/all-terms.bf' from /ebio/abt3_projects2/Flagellin_Diversity/miniconda/envs/py3_fla_2022/lib/hyphy/TemplateBatchFiles/libv3/all-terms.bf
Loaded 'libv3/tasks/trees.bf' from '/ebio/abt3_projects2/Flagellin_Diversity/miniconda/envs/py3_fla_2022/lib/hyphy/TemplateBatchFiles/libv3/tasks/trees.bf'
Already loaded '../IOFunctions.bf' from /ebio/abt3_projects2/Flagellin_Diversity/miniconda/envs/py3_fla_2022/lib/hyphy/TemplateBatchFiles/libv3/IOFunctions.bf
Already loaded '../all-terms.bf' from /ebio/abt3_projects2/Flagellin_Diversity/miniconda/envs/py3_fla_2022/lib/hyphy/TemplateBatchFiles/libv3/all-terms.bf
Already loaded '../convenience/regexp.bf' from /ebio/abt3_projects2/Flagellin_Diversity/miniconda/envs/py3_fla_2022/lib/hyphy/TemplateBatchFiles/libv3/convenience/regexp.bf
Already loaded '../UtilityFunctions.bf' from /ebio/abt3_projects2/Flagellin_Diversity/miniconda/envs/py3_fla_2022/lib/hyphy/TemplateBatchFiles/libv3/UtilityFunctions.bf
Loaded 'TreeTools' from '/ebio/abt3_projects2/Flagellin_Diversity/miniconda/envs/py3_fla_2022/lib/hyphy/TemplateBatchFiles/TreeTools.ibf'
Loaded 'distances.bf' from '/ebio/abt3_projects2/Flagellin_Diversity/miniconda/envs/py3_fla_2022/lib/hyphy/TemplateBatchFiles/libv3/tasks/distances.bf'
Already loaded '../IOFunctions.bf' from /ebio/abt3_projects2/Flagellin_Diversity/miniconda/envs/py3_fla_2022/lib/hyphy/TemplateBatchFiles/libv3/IOFunctions.bf
Already loaded '../all-terms.bf' from /ebio/abt3_projects2/Flagellin_Diversity/miniconda/envs/py3_fla_2022/lib/hyphy/TemplateBatchFiles/libv3/all-terms.bf
Already loaded '../models/frequencies.bf' from /ebio/abt3_projects2/Flagellin_Diversity/miniconda/envs/py3_fla_2022/lib/hyphy/TemplateBatchFiles/libv3/models/frequencies.bf
Already loaded 'libv3/tasks/mpi.bf' from /ebio/abt3_projects2/Flagellin_Diversity/miniconda/envs/py3_fla_2022/lib/hyphy/TemplateBatchFiles/libv3/tasks/mpi.bf
Loaded 'libv3/models/codon/MG_REV.bf' from '/ebio/abt3_projects2/Flagellin_Diversity/miniconda/envs/py3_fla_2022/lib/hyphy/TemplateBatchFiles/libv3/models/codon/MG_REV.bf'
Loaded '../codon.bf' from '/ebio/abt3_projects2/Flagellin_Diversity/miniconda/envs/py3_fla_2022/lib/hyphy/TemplateBatchFiles/libv3/models/codon.bf'
Loaded '../tasks/genetic_code.bf' from '/ebio/abt3_projects2/Flagellin_Diversity/miniconda/envs/py3_fla_2022/lib/hyphy/TemplateBatchFiles/libv3/tasks/genetic_code.bf'
Loaded 'libv3/convenience/matrix.bf' from '/ebio/abt3_projects2/Flagellin_Diversity/miniconda/envs/py3_fla_2022/lib/hyphy/TemplateBatchFiles/libv3/convenience/matrix.bf'
Already loaded 'libv3/UtilityFunctions.bf' from /ebio/abt3_projects2/Flagellin_Diversity/miniconda/envs/py3_fla_2022/lib/hyphy/TemplateBatchFiles/libv3/UtilityFunctions.bf
Already loaded 'libv3/all-terms.bf' from /ebio/abt3_projects2/Flagellin_Diversity/miniconda/envs/py3_fla_2022/lib/hyphy/TemplateBatchFiles/libv3/all-terms.bf
Already loaded '../UtilityFunctions.bf' from /ebio/abt3_projects2/Flagellin_Diversity/miniconda/envs/py3_fla_2022/lib/hyphy/TemplateBatchFiles/libv3/UtilityFunctions.bf
Already loaded '../DNA.bf' from /ebio/abt3_projects2/Flagellin_Diversity/miniconda/envs/py3_fla_2022/lib/hyphy/TemplateBatchFiles/libv3/models/DNA.bf
Already loaded '../parameters.bf' from /ebio/abt3_projects2/Flagellin_Diversity/miniconda/envs/py3_fla_2022/lib/hyphy/TemplateBatchFiles/libv3/models/parameters.bf
Already loaded '../frequencies.bf' from /ebio/abt3_projects2/Flagellin_Diversity/miniconda/envs/py3_fla_2022/lib/hyphy/TemplateBatchFiles/libv3/models/frequencies.bf
Already loaded '../../UtilityFunctions.bf' from /ebio/abt3_projects2/Flagellin_Diversity/miniconda/envs/py3_fla_2022/lib/hyphy/TemplateBatchFiles/libv3/UtilityFunctions.bf
Loaded 'libv3/convenience/math.bf' from '/ebio/abt3_projects2/Flagellin_Diversity/miniconda/envs/py3_fla_2022/lib/hyphy/TemplateBatchFiles/libv3/convenience/math.bf'
Already loaded 'libv3/UtilityFunctions.bf' from /ebio/abt3_projects2/Flagellin_Diversity/miniconda/envs/py3_fla_2022/lib/hyphy/TemplateBatchFiles/libv3/UtilityFunctions.bf
Loaded 'modules/io_functions.ibf' from '/ebio/abt3_projects2/Flagellin_Diversity/miniconda/envs/py3_fla_2022/lib/hyphy/TemplateBatchFiles/SelectionAnalyses/modules/io_functions.ibf'
Already loaded 'libv3/UtilityFunctions.bf' from /ebio/abt3_projects2/Flagellin_Diversity/miniconda/envs/py3_fla_2022/lib/hyphy/TemplateBatchFiles/libv3/UtilityFunctions.bf
Already loaded 'libv3/IOFunctions.bf' from /ebio/abt3_projects2/Flagellin_Diversity/miniconda/envs/py3_fla_2022/lib/hyphy/TemplateBatchFiles/libv3/IOFunctions.bf
Already loaded 'libv3/convenience/regexp.bf' from /ebio/abt3_projects2/Flagellin_Diversity/miniconda/envs/py3_fla_2022/lib/hyphy/TemplateBatchFiles/libv3/convenience/regexp.bf
Already loaded 'libv3/all-terms.bf' from /ebio/abt3_projects2/Flagellin_Diversity/miniconda/envs/py3_fla_2022/lib/hyphy/TemplateBatchFiles/libv3/all-terms.bf
Variable 'NORMALIZE_SEQUENCE_NAMES' was not initialized prior to being used
Loaded 'modules/shared-load-file.bf' from '/ebio/abt3_projects2/Flagellin_Diversity/miniconda/envs/py3_fla_2022/lib/hyphy/TemplateBatchFiles/SelectionAnalyses/modules/shared-load-file.bf'
Variable 'MARKDOWN_OUTPUT' was not initialized prior to being used
Already loaded 'libv3/convenience/matrix.bf' from /ebio/abt3_projects2/Flagellin_Diversity/miniconda/envs/py3_fla_2022/lib/hyphy/TemplateBatchFiles/libv3/convenience/matrix.bf
Already loaded 'libv3/UtilityFunctions.bf' from /ebio/abt3_projects2/Flagellin_Diversity/miniconda/envs/py3_fla_2022/lib/hyphy/TemplateBatchFiles/libv3/UtilityFunctions.bf
Variable 'UGGRWUXk.skipCodeSelectionStep' was not initialized prior to being used
Variable 'DATA_FILE_PARTITION_MATRIX' was not initialized prior to being used
Row and/or column partition is empty. All the data will be used by default.
Variable 'NEXUS_FILE_TREE_MATRIX' was not initialized prior to being used
Variable 'utility.ToggleEnvVariable.cache' was not initialized prior to being used
Variable 'TREE_NODE_NAME_MAPPING' was not initialized prior to being used